{"/Users/christian.miclea/PWM1/Projet-WEB-M1/backend/src/app.module.ts": {"path":"/Users/christian.miclea/PWM1/Projet-WEB-M1/backend/src/app.module.ts","statementMap":{"0":{"start":{"line":1,"column":0},"end":{"line":1,"column":40}},"1":{"start":{"line":2,"column":0},"end":{"line":2,"column":48}},"2":{"start":{"line":3,"column":0},"end":{"line":3,"column":66}},"3":{"start":{"line":4,"column":0},"end":{"line":4,"column":54}},"4":{"start":{"line":5,"column":0},"end":{"line":5,"column":54}},"5":{"start":{"line":6,"column":0},"end":{"line":6,"column":42}},"6":{"start":{"line":7,"column":0},"end":{"line":7,"column":54}},"7":{"start":{"line":8,"column":0},"end":{"line":8,"column":63}},"8":{"start":{"line":9,"column":0},"end":{"line":9,"column":48}},"9":{"start":{"line":10,"column":0},"end":{"line":10,"column":51}},"10":{"start":{"line":11,"column":0},"end":{"line":11,"column":28}},"11":{"start":{"line":35,"column":7},"end":{"line":35,"column":null}},"12":{"start":{"line":35,"column":13},"end":{"line":35,"column":22}},"13":{"start":{"line":35,"column":13},"end":{"line":35,"column":null}},"14":{"start":{"line":21,"column":29},"end":{"line":21,"column":36}}},"fnMap":{"0":{"name":"(anonymous_1)","decl":{"start":{"line":21,"column":15},"end":{"line":21,"column":16}},"loc":{"start":{"line":21,"column":29},"end":{"line":21,"column":36}}}},"branchMap":{"0":{"loc":{"start":{"line":25,"column":14},"end":{"line":25,"column":51}},"type":"binary-expr","locations":[{"start":{"line":25,"column":14},"end":{"line":25,"column":36}},{"start":{"line":25,"column":40},"end":{"line":25,"column":51}}]},"1":{"loc":{"start":{"line":26,"column":23},"end":{"line":26,"column":55}},"type":"binary-expr","locations":[{"start":{"line":26,"column":23},"end":{"line":26,"column":45}},{"start":{"line":26,"column":49},"end":{"line":26,"column":55}}]}},"s":{"0":0,"1":0,"2":0,"3":0,"4":0,"5":0,"6":0,"7":0,"8":0,"9":0,"10":0,"11":0,"12":0,"13":0,"14":0},"f":{"0":0},"b":{"0":[0,0],"1":[0,0]}}
,"/Users/christian.miclea/PWM1/Projet-WEB-M1/backend/src/main.ts": {"path":"/Users/christian.miclea/PWM1/Projet-WEB-M1/backend/src/main.ts","statementMap":{"0":{"start":{"line":1,"column":0},"end":{"line":1,"column":43}},"1":{"start":{"line":2,"column":0},"end":{"line":2,"column":48}},"2":{"start":{"line":3,"column":0},"end":{"line":3,"column":41}},"3":{"start":{"line":6,"column":14},"end":{"line":6,"column":49}},"4":{"start":{"line":9,"column":2},"end":{"line":16,"column":5}},"5":{"start":{"line":19,"column":2},"end":{"line":23,"column":6}},"6":{"start":{"line":25,"column":15},"end":{"line":25,"column":39}},"7":{"start":{"line":26,"column":2},"end":{"line":26,"column":25}},"8":{"start":{"line":28,"column":2},"end":{"line":28,"column":72}},"9":{"start":{"line":29,"column":2},"end":{"line":29,"column":73}},"10":{"start":{"line":32,"column":0},"end":{"line":32,"column":12}}},"fnMap":{"0":{"name":"bootstrap","decl":{"start":{"line":5,"column":15},"end":{"line":5,"column":24}},"loc":{"start":{"line":5,"column":24},"end":{"line":30,"column":1}}}},"branchMap":{"0":{"loc":{"start":{"line":11,"column":6},"end":{"line":11,"column":57}},"type":"binary-expr","locations":[{"start":{"line":11,"column":6},"end":{"line":11,"column":30}},{"start":{"line":11,"column":34},"end":{"line":11,"column":57}}]},"1":{"loc":{"start":{"line":25,"column":15},"end":{"line":25,"column":39}},"type":"binary-expr","locations":[{"start":{"line":25,"column":15},"end":{"line":25,"column":31}},{"start":{"line":25,"column":35},"end":{"line":25,"column":39}}]}},"s":{"0":0,"1":0,"2":0,"3":0,"4":0,"5":0,"6":0,"7":0,"8":0,"9":0,"10":0},"f":{"0":0},"b":{"0":[0,0],"1":[0,0]}}
,"/Users/christian.miclea/PWM1/Projet-WEB-M1/backend/src/auth/auth.module.ts": {"path":"/Users/christian.miclea/PWM1/Projet-WEB-M1/backend/src/auth/auth.module.ts","statementMap":{"0":{"start":{"line":1,"column":0},"end":{"line":1,"column":40}},"1":{"start":{"line":2,"column":0},"end":{"line":2,"column":40}},"2":{"start":{"line":3,"column":0},"end":{"line":3,"column":50}},"3":{"start":{"line":4,"column":0},"end":{"line":4,"column":61}},"4":{"start":{"line":5,"column":0},"end":{"line":5,"column":45}},"5":{"start":{"line":6,"column":0},"end":{"line":6,"column":47}},"6":{"start":{"line":7,"column":0},"end":{"line":7,"column":56}},"7":{"start":{"line":8,"column":0},"end":{"line":8,"column":52}},"8":{"start":{"line":29,"column":7},"end":{"line":29,"column":null}},"9":{"start":{"line":29,"column":13},"end":{"line":29,"column":23}},"10":{"start":{"line":29,"column":13},"end":{"line":29,"column":null}},"11":{"start":{"line":16,"column":59},"end":{"line":21,"column":8}}},"fnMap":{"0":{"name":"(anonymous_1)","decl":{"start":{"line":16,"column":18},"end":{"line":16,"column":23}},"loc":{"start":{"line":16,"column":59},"end":{"line":21,"column":8}}}},"branchMap":{"0":{"loc":{"start":{"line":17,"column":16},"end":{"line":17,"column":76}},"type":"binary-expr","locations":[{"start":{"line":17,"column":16},"end":{"line":17,"column":55}},{"start":{"line":17,"column":59},"end":{"line":17,"column":76}}]},"1":{"loc":{"start":{"line":19,"column":21},"end":{"line":19,"column":73}},"type":"binary-expr","locations":[{"start":{"line":19,"column":21},"end":{"line":19,"column":64}},{"start":{"line":19,"column":68},"end":{"line":19,"column":73}}]}},"s":{"0":0,"1":0,"2":0,"3":0,"4":0,"5":0,"6":0,"7":0,"8":0,"9":0,"10":0,"11":0},"f":{"0":0},"b":{"0":[0,0],"1":[0,0]}}
,"/Users/christian.miclea/PWM1/Projet-WEB-M1/backend/src/auth/auth.resolver.ts": {"path":"/Users/christian.miclea/PWM1/Projet-WEB-M1/backend/src/auth/auth.resolver.ts","statementMap":{"0":{"start":{"line":1,"column":0},"end":{"line":1,"column":66}},"1":{"start":{"line":2,"column":0},"end":{"line":2,"column":43}},"2":{"start":{"line":3,"column":0},"end":{"line":3,"column":45}},"3":{"start":{"line":4,"column":0},"end":{"line":4,"column":56}},"4":{"start":{"line":5,"column":0},"end":{"line":5,"column":47}},"5":{"start":{"line":6,"column":0},"end":{"line":6,"column":53}},"6":{"start":{"line":7,"column":0},"end":{"line":7,"column":55}},"7":{"start":{"line":8,"column":0},"end":{"line":8,"column":66}},"8":{"start":{"line":9,"column":0},"end":{"line":9,"column":53}},"9":{"start":{"line":13,"column":7},"end":{"line":31,"column":null}},"10":{"start":{"line":14,"column":22},"end":{"line":14,"column":35}},"11":{"start":{"line":18,"column":4},"end":{"line":18,"column":73}},"12":{"start":{"line":23,"column":4},"end":{"line":23,"column":52}},"13":{"start":{"line":29,"column":4},"end":{"line":29,"column":16}},"14":{"start":{"line":13,"column":13},"end":{"line":13,"column":25}},"15":{"start":{"line":17,"column":8},"end":{"line":19,"column":null}},"16":{"start":{"line":16,"column":18},"end":{"line":16,"column":30}},"17":{"start":{"line":22,"column":8},"end":{"line":24,"column":null}},"18":{"start":{"line":21,"column":18},"end":{"line":21,"column":30}},"19":{"start":{"line":28,"column":8},"end":{"line":30,"column":null}},"20":{"start":{"line":26,"column":15},"end":{"line":26,"column":19}},"21":{"start":{"line":13,"column":13},"end":{"line":31,"column":null}}},"fnMap":{"0":{"name":"(anonymous_4)","decl":{"start":{"line":14,"column":2},"end":{"line":14,"column":22}},"loc":{"start":{"line":14,"column":46},"end":{"line":14,"column":50}}},"1":{"name":"(anonymous_5)","decl":{"start":{"line":17,"column":2},"end":{"line":17,"column":7}},"loc":{"start":{"line":17,"column":56},"end":{"line":19,"column":3}}},"2":{"name":"(anonymous_6)","decl":{"start":{"line":22,"column":2},"end":{"line":22,"column":7}},"loc":{"start":{"line":22,"column":68},"end":{"line":24,"column":3}}},"3":{"name":"(anonymous_7)","decl":{"start":{"line":28,"column":2},"end":{"line":28,"column":7}},"loc":{"start":{"line":28,"column":36},"end":{"line":30,"column":3}}},"4":{"name":"(anonymous_8)","decl":{"start":{"line":16,"column":12},"end":{"line":16,"column":15}},"loc":{"start":{"line":16,"column":18},"end":{"line":16,"column":30}}},"5":{"name":"(anonymous_9)","decl":{"start":{"line":21,"column":12},"end":{"line":21,"column":15}},"loc":{"start":{"line":21,"column":18},"end":{"line":21,"column":30}}},"6":{"name":"(anonymous_10)","decl":{"start":{"line":26,"column":9},"end":{"line":26,"column":12}},"loc":{"start":{"line":26,"column":15},"end":{"line":26,"column":19}}}},"branchMap":{},"s":{"0":0,"1":0,"2":0,"3":0,"4":0,"5":0,"6":0,"7":0,"8":0,"9":0,"10":0,"11":0,"12":0,"13":0,"14":0,"15":0,"16":0,"17":0,"18":0,"19":0,"20":0,"21":0},"f":{"0":0,"1":0,"2":0,"3":0,"4":0,"5":0,"6":0},"b":{}}
,"/Users/christian.miclea/PWM1/Projet-WEB-M1/backend/src/auth/auth.service.ts": {"path":"/Users/christian.miclea/PWM1/Projet-WEB-M1/backend/src/auth/auth.service.ts","statementMap":{"0":{"start":{"line":1,"column":0},"end":{"line":1,"column":67}},"1":{"start":{"line":2,"column":0},"end":{"line":2,"column":41}},"2":{"start":{"line":3,"column":0},"end":{"line":3,"column":54}},"3":{"start":{"line":19,"column":7},"end":{"line":93,"column":null}},"4":{"start":{"line":21,"column":12},"end":{"line":21,"column":26}},"5":{"start":{"line":22,"column":12},"end":{"line":22,"column":24}},"6":{"start":{"line":26,"column":4},"end":{"line":35,"column":6}},"7":{"start":{"line":39,"column":17},"end":{"line":39,"column":59}},"8":{"start":{"line":41,"column":4},"end":{"line":43,"column":5}},"9":{"start":{"line":42,"column":6},"end":{"line":42,"column":55}},"10":{"start":{"line":45,"column":4},"end":{"line":45,"column":16}},"11":{"start":{"line":49,"column":17},"end":{"line":49,"column":57}},"12":{"start":{"line":51,"column":4},"end":{"line":53,"column":5}},"13":{"start":{"line":52,"column":6},"end":{"line":52,"column":61}},"14":{"start":{"line":55,"column":32},"end":{"line":59,"column":6}},"15":{"start":{"line":61,"column":4},"end":{"line":64,"column":6}},"16":{"start":{"line":73,"column":25},"end":{"line":73,"column":76}},"17":{"start":{"line":75,"column":4},"end":{"line":77,"column":5}},"18":{"start":{"line":76,"column":6},"end":{"line":76,"column":61}},"19":{"start":{"line":79,"column":23},"end":{"line":79,"column":63}},"20":{"start":{"line":80,"column":17},"end":{"line":80,"column":64}},"21":{"start":{"line":82,"column":32},"end":{"line":86,"column":6}},"22":{"start":{"line":88,"column":4},"end":{"line":91,"column":6}},"23":{"start":{"line":19,"column":13},"end":{"line":19,"column":24}},"24":{"start":{"line":19,"column":13},"end":{"line":93,"column":null}}},"fnMap":{"0":{"name":"(anonymous_2)","decl":{"start":{"line":20,"column":2},"end":{"line":20,"column":null}},"loc":{"start":{"line":22,"column":34},"end":{"line":23,"column":6}}},"1":{"name":"(anonymous_3)","decl":{"start":{"line":25,"column":10},"end":{"line":25,"column":40}},"loc":{"start":{"line":25,"column":63},"end":{"line":36,"column":3}}},"2":{"name":"(anonymous_4)","decl":{"start":{"line":38,"column":2},"end":{"line":38,"column":7}},"loc":{"start":{"line":38,"column":52},"end":{"line":46,"column":3}}},"3":{"name":"(anonymous_5)","decl":{"start":{"line":48,"column":2},"end":{"line":48,"column":7}},"loc":{"start":{"line":48,"column":45},"end":{"line":65,"column":3}}},"4":{"name":"(anonymous_6)","decl":{"start":{"line":67,"column":2},"end":{"line":67,"column":7}},"loc":{"start":{"line":72,"column":3},"end":{"line":92,"column":3}}}},"branchMap":{"0":{"loc":{"start":{"line":41,"column":4},"end":{"line":43,"column":5}},"type":"if","locations":[{"start":{"line":41,"column":4},"end":{"line":43,"column":5}}]},"1":{"loc":{"start":{"line":41,"column":8},"end":{"line":41,"column":81}},"type":"binary-expr","locations":[{"start":{"line":41,"column":8},"end":{"line":41,"column":12}},{"start":{"line":41,"column":16},"end":{"line":41,"column":81}}]},"2":{"loc":{"start":{"line":51,"column":4},"end":{"line":53,"column":5}},"type":"if","locations":[{"start":{"line":51,"column":4},"end":{"line":53,"column":5}}]},"3":{"loc":{"start":{"line":75,"column":4},"end":{"line":77,"column":5}},"type":"if","locations":[{"start":{"line":75,"column":4},"end":{"line":77,"column":5}}]}},"s":{"0":1,"1":1,"2":1,"3":1,"4":8,"5":8,"6":3,"7":5,"8":5,"9":2,"10":3,"11":2,"12":2,"13":1,"14":1,"15":1,"16":2,"17":2,"18":1,"19":1,"20":1,"21":1,"22":1,"23":1,"24":1},"f":{"0":8,"1":3,"2":5,"3":2,"4":2},"b":{"0":[2],"1":[5,3],"2":[1],"3":[1]}}
,"/Users/christian.miclea/PWM1/Projet-WEB-M1/backend/src/auth/decorators/current-user.decorator.ts": {"path":"/Users/christian.miclea/PWM1/Projet-WEB-M1/backend/src/auth/decorators/current-user.decorator.ts","statementMap":{"0":{"start":{"line":1,"column":0},"end":{"line":1,"column":72}},"1":{"start":{"line":2,"column":0},"end":{"line":2,"column":54}},"2":{"start":{"line":4,"column":13},"end":{"line":9,"column":2}},"3":{"start":{"line":6,"column":16},"end":{"line":6,"column":51}},"4":{"start":{"line":7,"column":4},"end":{"line":7,"column":37}}},"fnMap":{"0":{"name":"(anonymous_0)","decl":{"start":{"line":5,"column":2},"end":{"line":5,"column":3}},"loc":{"start":{"line":5,"column":47},"end":{"line":8,"column":3}}}},"branchMap":{},"s":{"0":0,"1":0,"2":0,"3":0,"4":0},"f":{"0":0},"b":{}}
,"/Users/christian.miclea/PWM1/Projet-WEB-M1/backend/src/auth/dto/auth-response.type.ts": {"path":"/Users/christian.miclea/PWM1/Projet-WEB-M1/backend/src/auth/dto/auth-response.type.ts","statementMap":{"0":{"start":{"line":1,"column":0},"end":{"line":1,"column":52}},"1":{"start":{"line":2,"column":0},"end":{"line":2,"column":56}},"2":{"start":{"line":5,"column":7},"end":{"line":11,"column":null}},"3":{"start":{"line":5,"column":13},"end":{"line":5,"column":25}},"4":{"start":{"line":7,"column":2},"end":{"line":7,"column":null}},"5":{"start":{"line":10,"column":2},"end":{"line":10,"column":null}},"6":{"start":{"line":9,"column":15},"end":{"line":9,"column":19}},"7":{"start":{"line":5,"column":13},"end":{"line":11,"column":null}}},"fnMap":{"0":{"name":"(anonymous_2)","decl":{"start":{"line":9,"column":9},"end":{"line":9,"column":12}},"loc":{"start":{"line":9,"column":15},"end":{"line":9,"column":19}}}},"branchMap":{},"s":{"0":0,"1":0,"2":0,"3":0,"4":0,"5":0,"6":0,"7":0},"f":{"0":0},"b":{}}
,"/Users/christian.miclea/PWM1/Projet-WEB-M1/backend/src/auth/dto/login.input.ts": {"path":"/Users/christian.miclea/PWM1/Projet-WEB-M1/backend/src/auth/dto/login.input.ts","statementMap":{"0":{"start":{"line":1,"column":0},"end":{"line":1,"column":51}},"1":{"start":{"line":2,"column":0},"end":{"line":2,"column":64}},"2":{"start":{"line":5,"column":7},"end":{"line":15,"column":null}},"3":{"start":{"line":5,"column":13},"end":{"line":5,"column":23}},"4":{"start":{"line":9,"column":2},"end":{"line":9,"column":null}},"5":{"start":{"line":14,"column":2},"end":{"line":14,"column":null}},"6":{"start":{"line":5,"column":13},"end":{"line":15,"column":null}}},"fnMap":{},"branchMap":{},"s":{"0":0,"1":0,"2":0,"3":0,"4":0,"5":0,"6":0},"f":{},"b":{}}
,"/Users/christian.miclea/PWM1/Projet-WEB-M1/backend/src/auth/dto/register.input.ts": {"path":"/Users/christian.miclea/PWM1/Projet-WEB-M1/backend/src/auth/dto/register.input.ts","statementMap":{"0":{"start":{"line":1,"column":0},"end":{"line":1,"column":51}},"1":{"start":{"line":2,"column":0},"end":{"line":2,"column":75}},"2":{"start":{"line":5,"column":7},"end":{"line":26,"column":null}},"3":{"start":{"line":5,"column":13},"end":{"line":5,"column":26}},"4":{"start":{"line":9,"column":2},"end":{"line":9,"column":null}},"5":{"start":{"line":15,"column":2},"end":{"line":15,"column":null}},"6":{"start":{"line":20,"column":2},"end":{"line":20,"column":null}},"7":{"start":{"line":25,"column":2},"end":{"line":25,"column":null}},"8":{"start":{"line":5,"column":13},"end":{"line":26,"column":null}}},"fnMap":{},"branchMap":{},"s":{"0":0,"1":0,"2":0,"3":0,"4":0,"5":0,"6":0,"7":0,"8":0},"f":{},"b":{}}
,"/Users/christian.miclea/PWM1/Projet-WEB-M1/backend/src/auth/guards/jwt-auth.guard.ts": {"path":"/Users/christian.miclea/PWM1/Projet-WEB-M1/backend/src/auth/guards/jwt-auth.guard.ts","statementMap":{"0":{"start":{"line":1,"column":0},"end":{"line":1,"column":62}},"1":{"start":{"line":2,"column":0},"end":{"line":2,"column":45}},"2":{"start":{"line":3,"column":0},"end":{"line":3,"column":54}},"3":{"start":{"line":6,"column":7},"end":{"line":11,"column":null}},"4":{"start":{"line":8,"column":16},"end":{"line":8,"column":51}},"5":{"start":{"line":9,"column":4},"end":{"line":9,"column":32}},"6":{"start":{"line":6,"column":13},"end":{"line":6,"column":25}},"7":{"start":{"line":6,"column":13},"end":{"line":11,"column":null}}},"fnMap":{"0":{"name":"(anonymous_1)","decl":{"start":{"line":7,"column":2},"end":{"line":7,"column":12}},"loc":{"start":{"line":7,"column":38},"end":{"line":10,"column":3}}}},"branchMap":{},"s":{"0":0,"1":0,"2":0,"3":0,"4":0,"5":0,"6":0,"7":0},"f":{"0":0},"b":{}}
,"/Users/christian.miclea/PWM1/Projet-WEB-M1/backend/src/auth/strategies/jwt.strategy.ts": {"path":"/Users/christian.miclea/PWM1/Projet-WEB-M1/backend/src/auth/strategies/jwt.strategy.ts","statementMap":{"0":{"start":{"line":1,"column":0},"end":{"line":1,"column":67}},"1":{"start":{"line":2,"column":0},"end":{"line":2,"column":52}},"2":{"start":{"line":3,"column":0},"end":{"line":3,"column":52}},"3":{"start":{"line":4,"column":0},"end":{"line":4,"column":47}},"4":{"start":{"line":5,"column":0},"end":{"line":5,"column":57}},"5":{"start":{"line":9,"column":7},"end":{"line":30,"column":null}},"6":{"start":{"line":14,"column":4},"end":{"line":18,"column":7}},"7":{"start":{"line":11,"column":12},"end":{"line":11,"column":27}},"8":{"start":{"line":12,"column":12},"end":{"line":12,"column":26}},"9":{"start":{"line":22,"column":17},"end":{"line":22,"column":62}},"10":{"start":{"line":24,"column":4},"end":{"line":26,"column":5}},"11":{"start":{"line":25,"column":6},"end":{"line":25,"column":40}},"12":{"start":{"line":28,"column":4},"end":{"line":28,"column":16}},"13":{"start":{"line":9,"column":13},"end":{"line":9,"column":24}},"14":{"start":{"line":9,"column":13},"end":{"line":30,"column":null}}},"fnMap":{"0":{"name":"(anonymous_2)","decl":{"start":{"line":10,"column":2},"end":{"line":10,"column":null}},"loc":{"start":{"line":12,"column":38},"end":{"line":19,"column":3}}},"1":{"name":"(anonymous_3)","decl":{"start":{"line":21,"column":2},"end":{"line":21,"column":7}},"loc":{"start":{"line":21,"column":36},"end":{"line":29,"column":3}}}},"branchMap":{"0":{"loc":{"start":{"line":17,"column":19},"end":{"line":17,"column":79}},"type":"binary-expr","locations":[{"start":{"line":17,"column":19},"end":{"line":17,"column":58}},{"start":{"line":17,"column":62},"end":{"line":17,"column":79}}]},"1":{"loc":{"start":{"line":24,"column":4},"end":{"line":26,"column":5}},"type":"if","locations":[{"start":{"line":24,"column":4},"end":{"line":26,"column":5}}]}},"s":{"0":0,"1":0,"2":0,"3":0,"4":0,"5":0,"6":0,"7":0,"8":0,"9":0,"10":0,"11":0,"12":0,"13":0,"14":0},"f":{"0":0,"1":0},"b":{"0":[0,0],"1":[0]}}
,"/Users/christian.miclea/PWM1/Projet-WEB-M1/backend/src/config/config.module.ts": {"path":"/Users/christian.miclea/PWM1/Projet-WEB-M1/backend/src/config/config.module.ts","statementMap":{"0":{"start":{"line":1,"column":0},"end":{"line":1,"column":40}},"1":{"start":{"line":2,"column":0},"end":{"line":2,"column":66}},"2":{"start":{"line":12,"column":7},"end":{"line":12,"column":null}},"3":{"start":{"line":12,"column":13},"end":{"line":12,"column":25}},"4":{"start":{"line":12,"column":13},"end":{"line":12,"column":null}}},"fnMap":{},"branchMap":{},"s":{"0":0,"1":0,"2":0,"3":0,"4":0},"f":{},"b":{}}
,"/Users/christian.miclea/PWM1/Projet-WEB-M1/backend/src/documents/document.processor.ts": {"path":"/Users/christian.miclea/PWM1/Projet-WEB-M1/backend/src/documents/document.processor.ts","statementMap":{"0":{"start":{"line":1,"column":0},"end":{"line":1,"column":50}},"1":{"start":{"line":2,"column":0},"end":{"line":2,"column":40}},"2":{"start":{"line":14,"column":30},"end":{"line":62,"column":null}},"3":{"start":{"line":15,"column":19},"end":{"line":15,"column":63}},"4":{"start":{"line":19,"column":35},"end":{"line":19,"column":43}},"5":{"start":{"line":21,"column":4},"end":{"line":21,"column":85}},"6":{"start":{"line":30,"column":4},"end":{"line":30,"column":59}},"7":{"start":{"line":30,"column":33},"end":{"line":30,"column":57}},"8":{"start":{"line":32,"column":4},"end":{"line":32,"column":79}},"9":{"start":{"line":37,"column":35},"end":{"line":37,"column":43}},"10":{"start":{"line":39,"column":4},"end":{"line":39,"column":83}},"11":{"start":{"line":44,"column":4},"end":{"line":44,"column":59}},"12":{"start":{"line":44,"column":33},"end":{"line":44,"column":57}},"13":{"start":{"line":46,"column":4},"end":{"line":46,"column":77}},"14":{"start":{"line":51,"column":35},"end":{"line":51,"column":43}},"15":{"start":{"line":53,"column":4},"end":{"line":53,"column":85}},"16":{"start":{"line":58,"column":4},"end":{"line":58,"column":59}},"17":{"start":{"line":58,"column":33},"end":{"line":58,"column":57}},"18":{"start":{"line":60,"column":4},"end":{"line":60,"column":79}},"19":{"start":{"line":14,"column":13},"end":{"line":14,"column":30}},"20":{"start":{"line":18,"column":8},"end":{"line":33,"column":null}},"21":{"start":{"line":36,"column":8},"end":{"line":47,"column":null}},"22":{"start":{"line":50,"column":8},"end":{"line":61,"column":null}},"23":{"start":{"line":14,"column":13},"end":{"line":62,"column":null}}},"fnMap":{"0":{"name":"(anonymous_2)","decl":{"start":{"line":14,"column":7},"end":{"line":14,"column":13}},"loc":{"start":{"line":14,"column":7},"end":{"line":62,"column":1}}},"1":{"name":"(anonymous_3)","decl":{"start":{"line":18,"column":2},"end":{"line":18,"column":7}},"loc":{"start":{"line":18,"column":55},"end":{"line":33,"column":3}}},"2":{"name":"(anonymous_4)","decl":{"start":{"line":30,"column":22},"end":{"line":30,"column":29}},"loc":{"start":{"line":30,"column":33},"end":{"line":30,"column":57}}},"3":{"name":"(anonymous_5)","decl":{"start":{"line":36,"column":2},"end":{"line":36,"column":7}},"loc":{"start":{"line":36,"column":55},"end":{"line":47,"column":3}}},"4":{"name":"(anonymous_6)","decl":{"start":{"line":44,"column":22},"end":{"line":44,"column":29}},"loc":{"start":{"line":44,"column":33},"end":{"line":44,"column":57}}},"5":{"name":"(anonymous_7)","decl":{"start":{"line":50,"column":2},"end":{"line":50,"column":7}},"loc":{"start":{"line":50,"column":55},"end":{"line":61,"column":3}}},"6":{"name":"(anonymous_8)","decl":{"start":{"line":58,"column":22},"end":{"line":58,"column":29}},"loc":{"start":{"line":58,"column":33},"end":{"line":58,"column":57}}}},"branchMap":{},"s":{"0":1,"1":1,"2":1,"3":8,"4":4,"5":4,"6":3,"7":3,"8":3,"9":2,"10":2,"11":2,"12":2,"13":2,"14":1,"15":1,"16":1,"17":1,"18":1,"19":1,"20":1,"21":1,"22":1,"23":1},"f":{"0":8,"1":4,"2":3,"3":2,"4":2,"5":1,"6":1},"b":{}}
,"/Users/christian.miclea/PWM1/Projet-WEB-M1/backend/src/documents/documents.controller.ts": {"path":"/Users/christian.miclea/PWM1/Projet-WEB-M1/backend/src/documents/documents.controller.ts","statementMap":{"0":{"start":{"line":1,"column":0},"end":{"line":1,"column":null}},"1":{"start":{"line":13,"column":0},"end":{"line":13,"column":59}},"2":{"start":{"line":14,"column":0},"end":{"line":14,"column":37}},"3":{"start":{"line":15,"column":0},"end":{"line":15,"column":37}},"4":{"start":{"line":17,"column":0},"end":{"line":17,"column":61}},"5":{"start":{"line":18,"column":0},"end":{"line":18,"column":72}},"6":{"start":{"line":20,"column":0},"end":{"line":20,"column":55}},"7":{"start":{"line":21,"column":0},"end":{"line":21,"column":32}},"8":{"start":{"line":24,"column":7},"end":{"line":121,"column":null}},"9":{"start":{"line":25,"column":31},"end":{"line":25,"column":49}},"10":{"start":{"line":59,"column":4},"end":{"line":88,"column":5}},"11":{"start":{"line":60,"column":6},"end":{"line":60,"column":79}},"12":{"start":{"line":62,"column":6},"end":{"line":64,"column":7}},"13":{"start":{"line":63,"column":8},"end":{"line":63,"column":44}},"14":{"start":{"line":66,"column":23},"end":{"line":73,"column":17}},"15":{"start":{"line":75,"column":6},"end":{"line":84,"column":8}},"16":{"start":{"line":86,"column":6},"end":{"line":86,"column":44}},"17":{"start":{"line":87,"column":6},"end":{"line":87,"column":18}},"18":{"start":{"line":93,"column":4},"end":{"line":93,"column":59}},"19":{"start":{"line":103,"column":21},"end":{"line":103,"column":69}},"20":{"start":{"line":105,"column":4},"end":{"line":107,"column":5}},"21":{"start":{"line":106,"column":6},"end":{"line":106,"column":52}},"22":{"start":{"line":110,"column":21},"end":{"line":110,"column":38}},"23":{"start":{"line":112,"column":4},"end":{"line":114,"column":5}},"24":{"start":{"line":113,"column":6},"end":{"line":113,"column":60}},"25":{"start":{"line":116,"column":4},"end":{"line":116,"column":88}},"26":{"start":{"line":117,"column":4},"end":{"line":117,"column":83}},"27":{"start":{"line":119,"column":4},"end":{"line":119,"column":34}},"28":{"start":{"line":24,"column":13},"end":{"line":24,"column":32}},"29":{"start":{"line":53,"column":8},"end":{"line":89,"column":null}},"30":{"start":{"line":33,"column":29},"end":{"line":33,"column":59}},"31":{"start":{"line":34,"column":10},"end":{"line":34,"column":57}},"32":{"start":{"line":35,"column":10},"end":{"line":35,"column":37}},"33":{"start":{"line":38,"column":31},"end":{"line":38,"column":81}},"34":{"start":{"line":39,"column":27},"end":{"line":39,"column":73}},"35":{"start":{"line":40,"column":10},"end":{"line":40,"column":55}},"36":{"start":{"line":41,"column":10},"end":{"line":41,"column":35}},"37":{"start":{"line":92,"column":8},"end":{"line":94,"column":null}},"38":{"start":{"line":98,"column":8},"end":{"line":120,"column":null}},"39":{"start":{"line":24,"column":13},"end":{"line":121,"column":null}}},"fnMap":{"0":{"name":"(anonymous_4)","decl":{"start":{"line":25,"column":2},"end":{"line":25,"column":31}},"loc":{"start":{"line":25,"column":65},"end":{"line":25,"column":69}}},"1":{"name":"(anonymous_5)","decl":{"start":{"line":53,"column":2},"end":{"line":53,"column":7}},"loc":{"start":{"line":57,"column":29},"end":{"line":89,"column":3}}},"2":{"name":"(anonymous_6)","decl":{"start":{"line":92,"column":2},"end":{"line":92,"column":7}},"loc":{"start":{"line":92,"column":12},"end":{"line":94,"column":3}}},"3":{"name":"(anonymous_7)","decl":{"start":{"line":98,"column":2},"end":{"line":98,"column":7}},"loc":{"start":{"line":101,"column":24},"end":{"line":120,"column":3}}},"4":{"name":"(anonymous_8)","decl":{"start":{"line":32,"column":21},"end":{"line":32,"column":22}},"loc":{"start":{"line":32,"column":45},"end":{"line":36,"column":9}}},"5":{"name":"(anonymous_9)","decl":{"start":{"line":37,"column":18},"end":{"line":37,"column":19}},"loc":{"start":{"line":37,"column":42},"end":{"line":42,"column":9}}}},"branchMap":{"0":{"loc":{"start":{"line":62,"column":6},"end":{"line":64,"column":7}},"type":"if","locations":[{"start":{"line":62,"column":6},"end":{"line":64,"column":7}}]},"1":{"loc":{"start":{"line":67,"column":15},"end":{"line":67,"column":41}},"type":"binary-expr","locations":[{"start":{"line":67,"column":15},"end":{"line":67,"column":20}},{"start":{"line":67,"column":24},"end":{"line":67,"column":41}}]},"2":{"loc":{"start":{"line":68,"column":17},"end":{"line":68,"column":43}},"type":"binary-expr","locations":[{"start":{"line":68,"column":17},"end":{"line":68,"column":24}},{"start":{"line":68,"column":28},"end":{"line":68,"column":43}}]},"3":{"loc":{"start":{"line":105,"column":4},"end":{"line":107,"column":5}},"type":"if","locations":[{"start":{"line":105,"column":4},"end":{"line":107,"column":5}}]},"4":{"loc":{"start":{"line":105,"column":8},"end":{"line":105,"column":39}},"type":"binary-expr","locations":[{"start":{"line":105,"column":8},"end":{"line":105,"column":17}},{"start":{"line":105,"column":21},"end":{"line":105,"column":39}}]},"5":{"loc":{"start":{"line":112,"column":4},"end":{"line":114,"column":5}},"type":"if","locations":[{"start":{"line":112,"column":4},"end":{"line":114,"column":5}}]},"6":{"loc":{"start":{"line":117,"column":34},"end":{"line":117,"column":81}},"type":"binary-expr","locations":[{"start":{"line":117,"column":34},"end":{"line":117,"column":51}},{"start":{"line":117,"column":55},"end":{"line":117,"column":81}}]}},"s":{"0":0,"1":0,"2":0,"3":0,"4":0,"5":0,"6":0,"7":0,"8":0,"9":0,"10":0,"11":0,"12":0,"13":0,"14":0,"15":0,"16":0,"17":0,"18":0,"19":0,"20":0,"21":0,"22":0,"23":0,"24":0,"25":0,"26":0,"27":0,"28":0,"29":0,"30":0,"31":0,"32":0,"33":0,"34":0,"35":0,"36":0,"37":0,"38":0,"39":0},"f":{"0":0,"1":0,"2":0,"3":0,"4":0,"5":0},"b":{"0":[0],"1":[0,0],"2":[0,0],"3":[0],"4":[0,0],"5":[0],"6":[0,0]}}
,"/Users/christian.miclea/PWM1/Projet-WEB-M1/backend/src/documents/documents.module.ts": {"path":"/Users/christian.miclea/PWM1/Projet-WEB-M1/backend/src/documents/documents.module.ts","statementMap":{"0":{"start":{"line":1,"column":0},"end":{"line":1,"column":40}},"1":{"start":{"line":2,"column":0},"end":{"line":2,"column":42}},"2":{"start":{"line":3,"column":0},"end":{"line":3,"column":56}},"3":{"start":{"line":4,"column":0},"end":{"line":4,"column":55}},"4":{"start":{"line":5,"column":0},"end":{"line":5,"column":57}},"5":{"start":{"line":6,"column":0},"end":{"line":6,"column":61}},"6":{"start":{"line":7,"column":0},"end":{"line":7,"column":57}},"7":{"start":{"line":22,"column":7},"end":{"line":22,"column":null}},"8":{"start":{"line":22,"column":13},"end":{"line":22,"column":28}},"9":{"start":{"line":22,"column":13},"end":{"line":22,"column":null}}},"fnMap":{},"branchMap":{},"s":{"0":0,"1":0,"2":0,"3":0,"4":0,"5":0,"6":0,"7":0,"8":0,"9":0},"f":{},"b":{}}
,"/Users/christian.miclea/PWM1/Projet-WEB-M1/backend/src/documents/documents.resolver.ts": {"path":"/Users/christian.miclea/PWM1/Projet-WEB-M1/backend/src/documents/documents.resolver.ts","statementMap":{"0":{"start":{"line":1,"column":0},"end":{"line":1,"column":79}},"1":{"start":{"line":2,"column":0},"end":{"line":2,"column":43}},"2":{"start":{"line":3,"column":0},"end":{"line":3,"column":61}},"3":{"start":{"line":4,"column":0},"end":{"line":4,"column":72}},"4":{"start":{"line":5,"column":0},"end":{"line":5,"column":55}},"5":{"start":{"line":6,"column":0},"end":{"line":6,"column":54}},"6":{"start":{"line":7,"column":0},"end":{"line":7,"column":66}},"7":{"start":{"line":9,"column":0},"end":{"line":9,"column":66}},"8":{"start":{"line":12,"column":7},"end":{"line":63,"column":null}},"9":{"start":{"line":13,"column":31},"end":{"line":13,"column":49}},"10":{"start":{"line":21,"column":4},"end":{"line":21,"column":70}},"11":{"start":{"line":28,"column":4},"end":{"line":28,"column":53}},"12":{"start":{"line":34,"column":4},"end":{"line":34,"column":53}},"13":{"start":{"line":43,"column":4},"end":{"line":43,"column":54}},"14":{"start":{"line":52,"column":4},"end":{"line":52,"column":94}},"15":{"start":{"line":61,"column":4},"end":{"line":61,"column":53}},"16":{"start":{"line":12,"column":13},"end":{"line":12,"column":30}},"17":{"start":{"line":17,"column":8},"end":{"line":22,"column":null}},"18":{"start":{"line":15,"column":18},"end":{"line":15,"column":26}},"19":{"start":{"line":26,"column":2},"end":{"line":29,"column":null}},"20":{"start":{"line":24,"column":15},"end":{"line":24,"column":25}},"21":{"start":{"line":33,"column":2},"end":{"line":35,"column":null}},"22":{"start":{"line":31,"column":15},"end":{"line":31,"column":25}},"23":{"start":{"line":39,"column":2},"end":{"line":44,"column":null}},"24":{"start":{"line":37,"column":15},"end":{"line":37,"column":23}},"25":{"start":{"line":40,"column":30},"end":{"line":40,"column":32}},"26":{"start":{"line":48,"column":2},"end":{"line":53,"column":null}},"27":{"start":{"line":46,"column":18},"end":{"line":46,"column":26}},"28":{"start":{"line":57,"column":2},"end":{"line":62,"column":null}},"29":{"start":{"line":55,"column":18},"end":{"line":55,"column":26}},"30":{"start":{"line":58,"column":30},"end":{"line":58,"column":32}},"31":{"start":{"line":12,"column":13},"end":{"line":63,"column":null}},"32":{"start":{"line":11,"column":16},"end":{"line":11,"column":24}}},"fnMap":{"0":{"name":"(anonymous_4)","decl":{"start":{"line":13,"column":2},"end":{"line":13,"column":31}},"loc":{"start":{"line":13,"column":65},"end":{"line":13,"column":69}}},"1":{"name":"(anonymous_5)","decl":{"start":{"line":17,"column":2},"end":{"line":17,"column":7}},"loc":{"start":{"line":19,"column":29},"end":{"line":22,"column":3}}},"2":{"name":"(anonymous_6)","decl":{"start":{"line":26,"column":2},"end":{"line":26,"column":9}},"loc":{"start":{"line":26,"column":35},"end":{"line":29,"column":3}}},"3":{"name":"(anonymous_7)","decl":{"start":{"line":33,"column":2},"end":{"line":33,"column":12}},"loc":{"start":{"line":33,"column":38},"end":{"line":35,"column":3}}},"4":{"name":"(anonymous_8)","decl":{"start":{"line":39,"column":2},"end":{"line":39,"column":9}},"loc":{"start":{"line":41,"column":29},"end":{"line":44,"column":3}}},"5":{"name":"(anonymous_9)","decl":{"start":{"line":48,"column":2},"end":{"line":48,"column":16}},"loc":{"start":{"line":50,"column":29},"end":{"line":53,"column":3}}},"6":{"name":"(anonymous_10)","decl":{"start":{"line":57,"column":2},"end":{"line":57,"column":16}},"loc":{"start":{"line":59,"column":29},"end":{"line":62,"column":3}}},"7":{"name":"(anonymous_11)","decl":{"start":{"line":15,"column":12},"end":{"line":15,"column":15}},"loc":{"start":{"line":15,"column":18},"end":{"line":15,"column":26}}},"8":{"name":"(anonymous_12)","decl":{"start":{"line":24,"column":9},"end":{"line":24,"column":12}},"loc":{"start":{"line":24,"column":15},"end":{"line":24,"column":25}}},"9":{"name":"(anonymous_13)","decl":{"start":{"line":31,"column":9},"end":{"line":31,"column":12}},"loc":{"start":{"line":31,"column":15},"end":{"line":31,"column":25}}},"10":{"name":"(anonymous_14)","decl":{"start":{"line":37,"column":9},"end":{"line":37,"column":12}},"loc":{"start":{"line":37,"column":15},"end":{"line":37,"column":23}}},"11":{"name":"(anonymous_15)","decl":{"start":{"line":40,"column":24},"end":{"line":40,"column":27}},"loc":{"start":{"line":40,"column":30},"end":{"line":40,"column":32}}},"12":{"name":"(anonymous_16)","decl":{"start":{"line":46,"column":12},"end":{"line":46,"column":15}},"loc":{"start":{"line":46,"column":18},"end":{"line":46,"column":26}}},"13":{"name":"(anonymous_17)","decl":{"start":{"line":55,"column":12},"end":{"line":55,"column":15}},"loc":{"start":{"line":55,"column":18},"end":{"line":55,"column":26}}},"14":{"name":"(anonymous_18)","decl":{"start":{"line":58,"column":24},"end":{"line":58,"column":27}},"loc":{"start":{"line":58,"column":30},"end":{"line":58,"column":32}}},"15":{"name":"(anonymous_19)","decl":{"start":{"line":11,"column":10},"end":{"line":11,"column":13}},"loc":{"start":{"line":11,"column":16},"end":{"line":11,"column":24}}}},"branchMap":{},"s":{"0":0,"1":0,"2":0,"3":0,"4":0,"5":0,"6":0,"7":0,"8":0,"9":0,"10":0,"11":0,"12":0,"13":0,"14":0,"15":0,"16":0,"17":0,"18":0,"19":0,"20":0,"21":0,"22":0,"23":0,"24":0,"25":0,"26":0,"27":0,"28":0,"29":0,"30":0,"31":0,"32":0},"f":{"0":0,"1":0,"2":0,"3":0,"4":0,"5":0,"6":0,"7":0,"8":0,"9":0,"10":0,"11":0,"12":0,"13":0,"14":0,"15":0},"b":{}}
,"/Users/christian.miclea/PWM1/Projet-WEB-M1/backend/src/documents/documents.service.ts": {"path":"/Users/christian.miclea/PWM1/Projet-WEB-M1/backend/src/documents/documents.service.ts","statementMap":{"0":{"start":{"line":1,"column":0},"end":{"line":1,"column":83}},"1":{"start":{"line":2,"column":0},"end":{"line":2,"column":43}},"2":{"start":{"line":4,"column":0},"end":{"line":4,"column":57}},"3":{"start":{"line":10,"column":7},"end":{"line":116,"column":null}},"4":{"start":{"line":12,"column":12},"end":{"line":12,"column":20}},"5":{"start":{"line":14,"column":12},"end":{"line":14,"column":32}},"6":{"start":{"line":18,"column":25},"end":{"line":21,"column":6}},"7":{"start":{"line":23,"column":26},"end":{"line":25,"column":6}},"8":{"start":{"line":28,"column":4},"end":{"line":33,"column":7}},"9":{"start":{"line":35,"column":4},"end":{"line":35,"column":25}},"10":{"start":{"line":39,"column":4},"end":{"line":41,"column":7}},"11":{"start":{"line":45,"column":4},"end":{"line":48,"column":7}},"12":{"start":{"line":52,"column":60},"end":{"line":52,"column":66}},"13":{"start":{"line":53,"column":4},"end":{"line":55,"column":5}},"14":{"start":{"line":54,"column":6},"end":{"line":54,"column":37}},"15":{"start":{"line":57,"column":21},"end":{"line":57,"column":85}},"16":{"start":{"line":59,"column":4},"end":{"line":61,"column":5}},"17":{"start":{"line":60,"column":6},"end":{"line":60,"column":56}},"18":{"start":{"line":64,"column":4},"end":{"line":66,"column":5}},"19":{"start":{"line":65,"column":6},"end":{"line":65,"column":89}},"20":{"start":{"line":68,"column":4},"end":{"line":68,"column":20}},"21":{"start":{"line":73,"column":29},"end":{"line":73,"column":59}},"22":{"start":{"line":75,"column":28},"end":{"line":81,"column":6}},"23":{"start":{"line":84,"column":4},"end":{"line":90,"column":7}},"24":{"start":{"line":92,"column":4},"end":{"line":92,"column":27}},"25":{"start":{"line":97,"column":21},"end":{"line":97,"column":51}},"26":{"start":{"line":99,"column":28},"end":{"line":104,"column":6}},"27":{"start":{"line":107,"column":4},"end":{"line":112,"column":7}},"28":{"start":{"line":114,"column":4},"end":{"line":114,"column":27}},"29":{"start":{"line":10,"column":13},"end":{"line":10,"column":29}},"30":{"start":{"line":10,"column":13},"end":{"line":116,"column":null}}},"fnMap":{"0":{"name":"(anonymous_4)","decl":{"start":{"line":11,"column":2},"end":{"line":11,"column":null}},"loc":{"start":{"line":14,"column":32},"end":{"line":15,"column":6}}},"1":{"name":"(anonymous_5)","decl":{"start":{"line":17,"column":2},"end":{"line":17,"column":7}},"loc":{"start":{"line":17,"column":72},"end":{"line":36,"column":3}}},"2":{"name":"(anonymous_6)","decl":{"start":{"line":38,"column":2},"end":{"line":38,"column":9}},"loc":{"start":{"line":38,"column":9},"end":{"line":42,"column":3}}},"3":{"name":"(anonymous_7)","decl":{"start":{"line":44,"column":2},"end":{"line":44,"column":7}},"loc":{"start":{"line":44,"column":33},"end":{"line":49,"column":3}}},"4":{"name":"(anonymous_8)","decl":{"start":{"line":51,"column":2},"end":{"line":51,"column":7}},"loc":{"start":{"line":51,"column":43},"end":{"line":69,"column":3}}},"5":{"name":"(anonymous_9)","decl":{"start":{"line":71,"column":2},"end":{"line":71,"column":7}},"loc":{"start":{"line":71,"column":83},"end":{"line":93,"column":3}}},"6":{"name":"(anonymous_10)","decl":{"start":{"line":95,"column":2},"end":{"line":95,"column":7}},"loc":{"start":{"line":95,"column":41},"end":{"line":115,"column":3}}}},"branchMap":{"0":{"loc":{"start":{"line":20,"column":14},"end":{"line":20,"column":50}},"type":"binary-expr","locations":[{"start":{"line":20,"column":14},"end":{"line":20,"column":20}},{"start":{"line":20,"column":24},"end":{"line":20,"column":50}}]},"1":{"loc":{"start":{"line":53,"column":4},"end":{"line":55,"column":5}},"type":"if","locations":[{"start":{"line":53,"column":4},"end":{"line":55,"column":5}}]},"2":{"loc":{"start":{"line":59,"column":4},"end":{"line":61,"column":5}},"type":"if","locations":[{"start":{"line":59,"column":4},"end":{"line":61,"column":5}}]},"3":{"loc":{"start":{"line":64,"column":4},"end":{"line":66,"column":5}},"type":"if","locations":[{"start":{"line":64,"column":4},"end":{"line":66,"column":5}}]},"4":{"loc":{"start":{"line":64,"column":8},"end":{"line":64,"column":44}},"type":"binary-expr","locations":[{"start":{"line":64,"column":8},"end":{"line":64,"column":14}},{"start":{"line":64,"column":18},"end":{"line":64,"column":44}}]}},"s":{"0":1,"1":1,"2":1,"3":1,"4":10,"5":10,"6":1,"7":1,"8":1,"9":1,"10":1,"11":1,"12":6,"13":6,"14":4,"15":6,"16":6,"17":3,"18":3,"19":0,"20":3,"21":2,"22":1,"23":1,"24":1,"25":2,"26":1,"27":1,"28":1,"29":1,"30":1},"f":{"0":10,"1":1,"2":1,"3":1,"4":6,"5":2,"6":2},"b":{"0":[1,1],"1":[4],"2":[3],"3":[0],"4":[3,2]}}
,"/Users/christian.miclea/PWM1/Projet-WEB-M1/backend/src/documents/queue-integration.test.ts": {"path":"/Users/christian.miclea/PWM1/Projet-WEB-M1/backend/src/documents/queue-integration.test.ts","statementMap":{"0":{"start":{"line":1,"column":0},"end":{"line":1,"column":54}},"1":{"start":{"line":2,"column":0},"end":{"line":2,"column":48}},"2":{"start":{"line":3,"column":0},"end":{"line":3,"column":57}},"3":{"start":{"line":5,"column":0},"end":{"line":5,"column":55}},"4":{"start":{"line":6,"column":0},"end":{"line":6,"column":57}},"5":{"start":{"line":7,"column":0},"end":{"line":7,"column":54}},"6":{"start":{"line":10,"column":0},"end":{"line":274,"column":3}},"7":{"start":{"line":16,"column":2},"end":{"line":47,"column":5}},"8":{"start":{"line":17,"column":4},"end":{"line":40,"column":17}},"9":{"start":{"line":42,"column":4},"end":{"line":42,"column":67}},"10":{"start":{"line":43,"column":4},"end":{"line":43,"column":70}},"11":{"start":{"line":44,"column":4},"end":{"line":44,"column":65}},"12":{"start":{"line":46,"column":4},"end":{"line":46,"column":21}},"13":{"start":{"line":49,"column":2},"end":{"line":54,"column":5}},"14":{"start":{"line":51,"column":4},"end":{"line":51,"column":24}},"15":{"start":{"line":52,"column":4},"end":{"line":52,"column":24}},"16":{"start":{"line":53,"column":4},"end":{"line":53,"column":22}},"17":{"start":{"line":56,"column":2},"end":{"line":59,"column":5}},"18":{"start":{"line":58,"column":4},"end":{"line":58,"column":24}},"19":{"start":{"line":61,"column":2},"end":{"line":129,"column":5}},"20":{"start":{"line":62,"column":4},"end":{"line":93,"column":7}},"21":{"start":{"line":64,"column":55},"end":{"line":68,"column":8}},"22":{"start":{"line":71,"column":27},"end":{"line":71,"column":81}},"23":{"start":{"line":74,"column":23},"end":{"line":74,"column":73}},"24":{"start":{"line":77,"column":6},"end":{"line":77,"column":61}},"25":{"start":{"line":77,"column":35},"end":{"line":77,"column":59}},"26":{"start":{"line":80,"column":6},"end":{"line":80,"column":37}},"27":{"start":{"line":81,"column":6},"end":{"line":81,"column":61}},"28":{"start":{"line":84,"column":6},"end":{"line":92,"column":8}},"29":{"start":{"line":95,"column":4},"end":{"line":128,"column":7}},"30":{"start":{"line":97,"column":24},"end":{"line":101,"column":9}},"31":{"start":{"line":97,"column":61},"end":{"line":101,"column":8}},"32":{"start":{"line":103,"column":27},"end":{"line":103,"column":81}},"33":{"start":{"line":106,"column":31},"end":{"line":107,"column":null}},"34":{"start":{"line":107,"column":29},"end":{"line":107,"column":57}},"35":{"start":{"line":111,"column":6},"end":{"line":111,"column":61}},"36":{"start":{"line":111,"column":35},"end":{"line":111,"column":59}},"37":{"start":{"line":114,"column":6},"end":{"line":114,"column":47}},"38":{"start":{"line":115,"column":6},"end":{"line":115,"column":52}},"39":{"start":{"line":118,"column":6},"end":{"line":127,"column":9}},"40":{"start":{"line":119,"column":8},"end":{"line":126,"column":10}},"41":{"start":{"line":131,"column":2},"end":{"line":167,"column":5}},"42":{"start":{"line":132,"column":4},"end":{"line":166,"column":7}},"43":{"start":{"line":134,"column":23},"end":{"line":138,"column":8}},"44":{"start":{"line":140,"column":27},"end":{"line":140,"column":81}},"45":{"start":{"line":143,"column":30},"end":{"line":147,"column":28}},"46":{"start":{"line":150,"column":6},"end":{"line":150,"column":61}},"47":{"start":{"line":150,"column":35},"end":{"line":150,"column":59}},"48":{"start":{"line":153,"column":6},"end":{"line":153,"column":58}},"49":{"start":{"line":154,"column":6},"end":{"line":165,"column":8}},"50":{"start":{"line":169,"column":2},"end":{"line":197,"column":5}},"51":{"start":{"line":170,"column":4},"end":{"line":196,"column":7}},"52":{"start":{"line":172,"column":23},"end":{"line":176,"column":8}},"53":{"start":{"line":178,"column":27},"end":{"line":178,"column":81}},"54":{"start":{"line":181,"column":6},"end":{"line":181,"column":69}},"55":{"start":{"line":184,"column":6},"end":{"line":184,"column":61}},"56":{"start":{"line":184,"column":35},"end":{"line":184,"column":59}},"57":{"start":{"line":187,"column":6},"end":{"line":195,"column":8}},"58":{"start":{"line":199,"column":2},"end":{"line":244,"column":5}},"59":{"start":{"line":200,"column":4},"end":{"line":220,"column":7}},"60":{"start":{"line":202,"column":29},"end":{"line":202,"column":53}},"61":{"start":{"line":203,"column":31},"end":{"line":203,"column":57}},"62":{"start":{"line":206,"column":6},"end":{"line":210,"column":9}},"63":{"start":{"line":213,"column":6},"end":{"line":213,"column":61}},"64":{"start":{"line":213,"column":35},"end":{"line":213,"column":59}},"65":{"start":{"line":216,"column":27},"end":{"line":216,"column":51}},"66":{"start":{"line":217,"column":29},"end":{"line":217,"column":55}},"67":{"start":{"line":219,"column":6},"end":{"line":219,"column":77}},"68":{"start":{"line":222,"column":4},"end":{"line":243,"column":7}},"69":{"start":{"line":224,"column":27},"end":{"line":225,"column":62}},"70":{"start":{"line":228,"column":6},"end":{"line":232,"column":9}},"71":{"start":{"line":235,"column":6},"end":{"line":235,"column":61}},"72":{"start":{"line":235,"column":35},"end":{"line":235,"column":59}},"73":{"start":{"line":238,"column":25},"end":{"line":238,"column":48}},"74":{"start":{"line":239,"column":6},"end":{"line":239,"column":51}},"75":{"start":{"line":242,"column":6},"end":{"line":242,"column":33}},"76":{"start":{"line":246,"column":2},"end":{"line":273,"column":5}},"77":{"start":{"line":247,"column":4},"end":{"line":272,"column":7}},"78":{"start":{"line":249,"column":25},"end":{"line":249,"column":26}},"79":{"start":{"line":250,"column":27},"end":{"line":257,"column":10}},"80":{"start":{"line":252,"column":10},"end":{"line":252,"column":25}},"81":{"start":{"line":253,"column":10},"end":{"line":255,"column":11}},"82":{"start":{"line":254,"column":12},"end":{"line":254,"column":49}},"83":{"start":{"line":256,"column":10},"end":{"line":256,"column":35}},"84":{"start":{"line":260,"column":6},"end":{"line":264,"column":9}},"85":{"start":{"line":267,"column":6},"end":{"line":267,"column":62}},"86":{"start":{"line":267,"column":35},"end":{"line":267,"column":60}},"87":{"start":{"line":270,"column":6},"end":{"line":270,"column":53}},"88":{"start":{"line":271,"column":6},"end":{"line":271,"column":33}}},"fnMap":{"0":{"name":"(anonymous_0)","decl":{"start":{"line":10,"column":58},"end":{"line":10,"column":61}},"loc":{"start":{"line":10,"column":63},"end":{"line":274,"column":1}}},"1":{"name":"(anonymous_1)","decl":{"start":{"line":16,"column":12},"end":{"line":16,"column":17}},"loc":{"start":{"line":16,"column":23},"end":{"line":47,"column":3}}},"2":{"name":"(anonymous_2)","decl":{"start":{"line":49,"column":11},"end":{"line":49,"column":16}},"loc":{"start":{"line":49,"column":22},"end":{"line":54,"column":3}}},"3":{"name":"(anonymous_3)","decl":{"start":{"line":56,"column":13},"end":{"line":56,"column":18}},"loc":{"start":{"line":56,"column":24},"end":{"line":59,"column":3}}},"4":{"name":"(anonymous_4)","decl":{"start":{"line":61,"column":37},"end":{"line":61,"column":40}},"loc":{"start":{"line":61,"column":42},"end":{"line":129,"column":3}}},"5":{"name":"(anonymous_5)","decl":{"start":{"line":62,"column":55},"end":{"line":62,"column":60}},"loc":{"start":{"line":62,"column":66},"end":{"line":93,"column":5}}},"6":{"name":"(anonymous_6)","decl":{"start":{"line":77,"column":24},"end":{"line":77,"column":31}},"loc":{"start":{"line":77,"column":35},"end":{"line":77,"column":59}}},"7":{"name":"(anonymous_7)","decl":{"start":{"line":95,"column":63},"end":{"line":95,"column":68}},"loc":{"start":{"line":95,"column":74},"end":{"line":128,"column":5}}},"8":{"name":"(anonymous_8)","decl":{"start":{"line":97,"column":50},"end":{"line":97,"column":51}},"loc":{"start":{"line":97,"column":61},"end":{"line":101,"column":8}}},"9":{"name":"(anonymous_9)","decl":{"start":{"line":107,"column":22},"end":{"line":107,"column":25}},"loc":{"start":{"line":107,"column":29},"end":{"line":107,"column":57}}},"10":{"name":"(anonymous_10)","decl":{"start":{"line":111,"column":24},"end":{"line":111,"column":31}},"loc":{"start":{"line":111,"column":35},"end":{"line":111,"column":59}}},"11":{"name":"(anonymous_11)","decl":{"start":{"line":118,"column":31},"end":{"line":118,"column":34}},"loc":{"start":{"line":118,"column":37},"end":{"line":127,"column":7}}},"12":{"name":"(anonymous_12)","decl":{"start":{"line":131,"column":35},"end":{"line":131,"column":38}},"loc":{"start":{"line":131,"column":40},"end":{"line":167,"column":3}}},"13":{"name":"(anonymous_13)","decl":{"start":{"line":132,"column":55},"end":{"line":132,"column":60}},"loc":{"start":{"line":132,"column":66},"end":{"line":166,"column":5}}},"14":{"name":"(anonymous_14)","decl":{"start":{"line":150,"column":24},"end":{"line":150,"column":31}},"loc":{"start":{"line":150,"column":35},"end":{"line":150,"column":59}}},"15":{"name":"(anonymous_15)","decl":{"start":{"line":169,"column":37},"end":{"line":169,"column":40}},"loc":{"start":{"line":169,"column":42},"end":{"line":197,"column":3}}},"16":{"name":"(anonymous_16)","decl":{"start":{"line":170,"column":55},"end":{"line":170,"column":60}},"loc":{"start":{"line":170,"column":66},"end":{"line":196,"column":5}}},"17":{"name":"(anonymous_17)","decl":{"start":{"line":184,"column":24},"end":{"line":184,"column":31}},"loc":{"start":{"line":184,"column":35},"end":{"line":184,"column":59}}},"18":{"name":"(anonymous_18)","decl":{"start":{"line":199,"column":31},"end":{"line":199,"column":34}},"loc":{"start":{"line":199,"column":36},"end":{"line":244,"column":3}}},"19":{"name":"(anonymous_19)","decl":{"start":{"line":200,"column":45},"end":{"line":200,"column":50}},"loc":{"start":{"line":200,"column":56},"end":{"line":220,"column":5}}},"20":{"name":"(anonymous_20)","decl":{"start":{"line":213,"column":24},"end":{"line":213,"column":31}},"loc":{"start":{"line":213,"column":35},"end":{"line":213,"column":59}}},"21":{"name":"(anonymous_21)","decl":{"start":{"line":222,"column":36},"end":{"line":222,"column":41}},"loc":{"start":{"line":222,"column":47},"end":{"line":243,"column":5}}},"22":{"name":"(anonymous_22)","decl":{"start":{"line":235,"column":24},"end":{"line":235,"column":31}},"loc":{"start":{"line":235,"column":35},"end":{"line":235,"column":59}}},"23":{"name":"(anonymous_23)","decl":{"start":{"line":246,"column":26},"end":{"line":246,"column":29}},"loc":{"start":{"line":246,"column":31},"end":{"line":273,"column":3}}},"24":{"name":"(anonymous_24)","decl":{"start":{"line":247,"column":62},"end":{"line":247,"column":67}},"loc":{"start":{"line":247,"column":73},"end":{"line":272,"column":5}}},"25":{"name":"(anonymous_25)","decl":{"start":{"line":251,"column":28},"end":{"line":251,"column":33}},"loc":{"start":{"line":251,"column":39},"end":{"line":257,"column":9}}},"26":{"name":"(anonymous_26)","decl":{"start":{"line":267,"column":24},"end":{"line":267,"column":31}},"loc":{"start":{"line":267,"column":35},"end":{"line":267,"column":60}}}},"branchMap":{"0":{"loc":{"start":{"line":253,"column":10},"end":{"line":255,"column":11}},"type":"if","locations":[{"start":{"line":253,"column":10},"end":{"line":255,"column":11}}]}},"s":{"0":0,"1":0,"2":0,"3":0,"4":0,"5":0,"6":0,"7":0,"8":0,"9":0,"10":0,"11":0,"12":0,"13":0,"14":0,"15":0,"16":0,"17":0,"18":0,"19":0,"20":0,"21":0,"22":0,"23":0,"24":0,"25":0,"26":0,"27":0,"28":0,"29":0,"30":0,"31":0,"32":0,"33":0,"34":0,"35":0,"36":0,"37":0,"38":0,"39":0,"40":0,"41":0,"42":0,"43":0,"44":0,"45":0,"46":0,"47":0,"48":0,"49":0,"50":0,"51":0,"52":0,"53":0,"54":0,"55":0,"56":0,"57":0,"58":0,"59":0,"60":0,"61":0,"62":0,"63":0,"64":0,"65":0,"66":0,"67":0,"68":0,"69":0,"70":0,"71":0,"72":0,"73":0,"74":0,"75":0,"76":0,"77":0,"78":0,"79":0,"80":0,"81":0,"82":0,"83":0,"84":0,"85":0,"86":0,"87":0,"88":0},"f":{"0":0,"1":0,"2":0,"3":0,"4":0,"5":0,"6":0,"7":0,"8":0,"9":0,"10":0,"11":0,"12":0,"13":0,"14":0,"15":0,"16":0,"17":0,"18":0,"19":0,"20":0,"21":0,"22":0,"23":0,"24":0,"25":0,"26":0},"b":{"0":[0]}}
,"/Users/christian.miclea/PWM1/Projet-WEB-M1/backend/src/documents/dto/create-document.input.ts": {"path":"/Users/christian.miclea/PWM1/Projet-WEB-M1/backend/src/documents/dto/create-document.input.ts","statementMap":{"0":{"start":{"line":1,"column":0},"end":{"line":1,"column":51}},"1":{"start":{"line":2,"column":0},"end":{"line":2,"column":77}},"2":{"start":{"line":5,"column":7},"end":{"line":40,"column":null}},"3":{"start":{"line":5,"column":13},"end":{"line":5,"column":32}},"4":{"start":{"line":9,"column":2},"end":{"line":9,"column":null}},"5":{"start":{"line":14,"column":2},"end":{"line":14,"column":null}},"6":{"start":{"line":19,"column":2},"end":{"line":19,"column":null}},"7":{"start":{"line":24,"column":2},"end":{"line":24,"column":null}},"8":{"start":{"line":29,"column":2},"end":{"line":29,"column":null}},"9":{"start":{"line":34,"column":2},"end":{"line":34,"column":null}},"10":{"start":{"line":39,"column":2},"end":{"line":39,"column":null}},"11":{"start":{"line":5,"column":13},"end":{"line":40,"column":null}}},"fnMap":{},"branchMap":{},"s":{"0":0,"1":0,"2":0,"3":0,"4":0,"5":0,"6":0,"7":0,"8":0,"9":0,"10":0,"11":0},"f":{},"b":{}}
,"/Users/christian.miclea/PWM1/Projet-WEB-M1/backend/src/documents/dto/update-document.input.ts": {"path":"/Users/christian.miclea/PWM1/Projet-WEB-M1/backend/src/documents/dto/update-document.input.ts","statementMap":{"0":{"start":{"line":1,"column":0},"end":{"line":1,"column":55}},"1":{"start":{"line":2,"column":0},"end":{"line":2,"column":67}},"2":{"start":{"line":5,"column":7},"end":{"line":19,"column":null}},"3":{"start":{"line":5,"column":13},"end":{"line":5,"column":32}},"4":{"start":{"line":8,"column":2},"end":{"line":8,"column":null}},"5":{"start":{"line":6,"column":15},"end":{"line":6,"column":17}},"6":{"start":{"line":13,"column":2},"end":{"line":13,"column":null}},"7":{"start":{"line":18,"column":2},"end":{"line":18,"column":null}},"8":{"start":{"line":5,"column":13},"end":{"line":19,"column":null}}},"fnMap":{"0":{"name":"(anonymous_2)","decl":{"start":{"line":6,"column":9},"end":{"line":6,"column":12}},"loc":{"start":{"line":6,"column":15},"end":{"line":6,"column":17}}}},"branchMap":{},"s":{"0":0,"1":0,"2":0,"3":0,"4":0,"5":0,"6":0,"7":0,"8":0},"f":{"0":0},"b":{}}
,"/Users/christian.miclea/PWM1/Projet-WEB-M1/backend/src/documents/entities/document.entity.ts": {"path":"/Users/christian.miclea/PWM1/Projet-WEB-M1/backend/src/documents/entities/document.entity.ts","statementMap":{"0":{"start":{"line":1,"column":0},"end":{"line":1,"column":56}},"1":{"start":{"line":2,"column":0},"end":{"line":2,"column":56}},"2":{"start":{"line":5,"column":7},"end":{"line":38,"column":null}},"3":{"start":{"line":5,"column":13},"end":{"line":5,"column":21}},"4":{"start":{"line":7,"column":2},"end":{"line":7,"column":null}},"5":{"start":{"line":6,"column":15},"end":{"line":6,"column":17}},"6":{"start":{"line":10,"column":2},"end":{"line":10,"column":null}},"7":{"start":{"line":13,"column":2},"end":{"line":13,"column":null}},"8":{"start":{"line":16,"column":2},"end":{"line":16,"column":null}},"9":{"start":{"line":19,"column":2},"end":{"line":19,"column":null}},"10":{"start":{"line":22,"column":2},"end":{"line":22,"column":null}},"11":{"start":{"line":25,"column":2},"end":{"line":25,"column":null}},"12":{"start":{"line":28,"column":2},"end":{"line":28,"column":null}},"13":{"start":{"line":27,"column":15},"end":{"line":27,"column":17}},"14":{"start":{"line":31,"column":2},"end":{"line":31,"column":null}},"15":{"start":{"line":30,"column":15},"end":{"line":30,"column":19}},"16":{"start":{"line":34,"column":2},"end":{"line":34,"column":null}},"17":{"start":{"line":37,"column":2},"end":{"line":37,"column":null}},"18":{"start":{"line":5,"column":13},"end":{"line":38,"column":null}}},"fnMap":{"0":{"name":"(anonymous_2)","decl":{"start":{"line":6,"column":9},"end":{"line":6,"column":12}},"loc":{"start":{"line":6,"column":15},"end":{"line":6,"column":17}}},"1":{"name":"(anonymous_3)","decl":{"start":{"line":27,"column":9},"end":{"line":27,"column":12}},"loc":{"start":{"line":27,"column":15},"end":{"line":27,"column":17}}},"2":{"name":"(anonymous_4)","decl":{"start":{"line":30,"column":9},"end":{"line":30,"column":12}},"loc":{"start":{"line":30,"column":15},"end":{"line":30,"column":19}}}},"branchMap":{},"s":{"0":0,"1":0,"2":0,"3":0,"4":0,"5":0,"6":0,"7":0,"8":0,"9":0,"10":0,"11":0,"12":0,"13":0,"14":0,"15":0,"16":0,"17":0,"18":0},"f":{"0":0,"1":0,"2":0},"b":{}}
,"/Users/christian.miclea/PWM1/Projet-WEB-M1/backend/src/health/health.controller.ts": {"path":"/Users/christian.miclea/PWM1/Projet-WEB-M1/backend/src/health/health.controller.ts","statementMap":{"0":{"start":{"line":1,"column":0},"end":{"line":1,"column":49}},"1":{"start":{"line":4,"column":7},"end":{"line":9,"column":null}},"2":{"start":{"line":7,"column":4},"end":{"line":7,"column":16}},"3":{"start":{"line":4,"column":13},"end":{"line":4,"column":29}},"4":{"start":{"line":6,"column":2},"end":{"line":8,"column":null}},"5":{"start":{"line":4,"column":13},"end":{"line":9,"column":null}}},"fnMap":{"0":{"name":"(anonymous_2)","decl":{"start":{"line":6,"column":2},"end":{"line":6,"column":7}},"loc":{"start":{"line":6,"column":7},"end":{"line":8,"column":3}}}},"branchMap":{},"s":{"0":0,"1":0,"2":0,"3":0,"4":0,"5":0},"f":{"0":0},"b":{}}
,"/Users/christian.miclea/PWM1/Projet-WEB-M1/backend/src/health/health.module.ts": {"path":"/Users/christian.miclea/PWM1/Projet-WEB-M1/backend/src/health/health.module.ts","statementMap":{"0":{"start":{"line":1,"column":0},"end":{"line":1,"column":40}},"1":{"start":{"line":2,"column":0},"end":{"line":2,"column":55}},"2":{"start":{"line":7,"column":7},"end":{"line":7,"column":null}},"3":{"start":{"line":7,"column":13},"end":{"line":7,"column":25}},"4":{"start":{"line":7,"column":13},"end":{"line":7,"column":null}}},"fnMap":{},"branchMap":{},"s":{"0":0,"1":0,"2":0,"3":0,"4":0},"f":{},"b":{}}
,"/Users/christian.miclea/PWM1/Projet-WEB-M1/backend/src/prisma/prisma.module.ts": {"path":"/Users/christian.miclea/PWM1/Projet-WEB-M1/backend/src/prisma/prisma.module.ts","statementMap":{"0":{"start":{"line":1,"column":0},"end":{"line":1,"column":48}},"1":{"start":{"line":2,"column":0},"end":{"line":2,"column":49}},"2":{"start":{"line":9,"column":7},"end":{"line":9,"column":null}},"3":{"start":{"line":9,"column":13},"end":{"line":9,"column":25}},"4":{"start":{"line":9,"column":13},"end":{"line":9,"column":null}}},"fnMap":{},"branchMap":{},"s":{"0":0,"1":0,"2":0,"3":0,"4":0},"f":{},"b":{}}
,"/Users/christian.miclea/PWM1/Projet-WEB-M1/backend/src/prisma/prisma.service.ts": {"path":"/Users/christian.miclea/PWM1/Projet-WEB-M1/backend/src/prisma/prisma.service.ts","statementMap":{"0":{"start":{"line":1,"column":0},"end":{"line":1,"column":58}},"1":{"start":{"line":2,"column":0},"end":{"line":2,"column":46}},"2":{"start":{"line":5,"column":7},"end":{"line":16,"column":null}},"3":{"start":{"line":7,"column":4},"end":{"line":7,"column":26}},"4":{"start":{"line":11,"column":4},"end":{"line":14,"column":7}},"5":{"start":{"line":12,"column":6},"end":{"line":12,"column":31}},"6":{"start":{"line":13,"column":6},"end":{"line":13,"column":24}},"7":{"start":{"line":5,"column":13},"end":{"line":5,"column":26}},"8":{"start":{"line":5,"column":13},"end":{"line":16,"column":null}}},"fnMap":{"0":{"name":"(anonymous_1)","decl":{"start":{"line":6,"column":2},"end":{"line":6,"column":7}},"loc":{"start":{"line":6,"column":20},"end":{"line":8,"column":3}}},"1":{"name":"(anonymous_2)","decl":{"start":{"line":10,"column":2},"end":{"line":10,"column":7}},"loc":{"start":{"line":10,"column":36},"end":{"line":15,"column":3}}},"2":{"name":"(anonymous_3)","decl":{"start":{"line":11,"column":29},"end":{"line":11,"column":34}},"loc":{"start":{"line":11,"column":40},"end":{"line":14,"column":5}}}},"branchMap":{},"s":{"0":3,"1":3,"2":3,"3":0,"4":0,"5":0,"6":0,"7":3,"8":3},"f":{"0":0,"1":0,"2":0},"b":{}}
,"/Users/christian.miclea/PWM1/Projet-WEB-M1/backend/src/users/users.module.ts": {"path":"/Users/christian.miclea/PWM1/Projet-WEB-M1/backend/src/users/users.module.ts","statementMap":{"0":{"start":{"line":1,"column":0},"end":{"line":1,"column":40}},"1":{"start":{"line":2,"column":0},"end":{"line":2,"column":47}},"2":{"start":{"line":8,"column":7},"end":{"line":8,"column":null}},"3":{"start":{"line":8,"column":13},"end":{"line":8,"column":24}},"4":{"start":{"line":8,"column":13},"end":{"line":8,"column":null}}},"fnMap":{},"branchMap":{},"s":{"0":0,"1":0,"2":0,"3":0,"4":0},"f":{},"b":{}}
,"/Users/christian.miclea/PWM1/Projet-WEB-M1/backend/src/users/users.service.ts": {"path":"/Users/christian.miclea/PWM1/Projet-WEB-M1/backend/src/users/users.service.ts","statementMap":{"0":{"start":{"line":1,"column":0},"end":{"line":1,"column":44}},"1":{"start":{"line":2,"column":0},"end":{"line":2,"column":57}},"2":{"start":{"line":4,"column":0},"end":{"line":4,"column":33}},"3":{"start":{"line":7,"column":7},"end":{"line":37,"column":null}},"4":{"start":{"line":8,"column":22},"end":{"line":8,"column":30}},"5":{"start":{"line":11,"column":4},"end":{"line":11,"column":61}},"6":{"start":{"line":15,"column":4},"end":{"line":15,"column":58}},"7":{"start":{"line":24,"column":27},"end":{"line":24,"column":67}},"8":{"start":{"line":26,"column":4},"end":{"line":31,"column":7}},"9":{"start":{"line":35,"column":4},"end":{"line":35,"column":57}},"10":{"start":{"line":7,"column":13},"end":{"line":7,"column":25}},"11":{"start":{"line":7,"column":13},"end":{"line":37,"column":null}}},"fnMap":{"0":{"name":"(anonymous_2)","decl":{"start":{"line":8,"column":2},"end":{"line":8,"column":22}},"loc":{"start":{"line":8,"column":43},"end":{"line":8,"column":47}}},"1":{"name":"(anonymous_3)","decl":{"start":{"line":10,"column":2},"end":{"line":10,"column":7}},"loc":{"start":{"line":10,"column":33},"end":{"line":12,"column":3}}},"2":{"name":"(anonymous_4)","decl":{"start":{"line":14,"column":2},"end":{"line":14,"column":7}},"loc":{"start":{"line":14,"column":27},"end":{"line":16,"column":3}}},"3":{"name":"(anonymous_5)","decl":{"start":{"line":18,"column":2},"end":{"line":18,"column":7}},"loc":{"start":{"line":23,"column":3},"end":{"line":32,"column":3}}},"4":{"name":"(anonymous_6)","decl":{"start":{"line":34,"column":2},"end":{"line":34,"column":7}},"loc":{"start":{"line":34,"column":70},"end":{"line":36,"column":3}}}},"branchMap":{},"s":{"0":2,"1":2,"2":2,"3":2,"4":8,"5":2,"6":2,"7":1,"8":1,"9":2,"10":2,"11":2},"f":{"0":8,"1":2,"2":2,"3":1,"4":2},"b":{}}
,"/Users/christian.miclea/PWM1/Projet-WEB-M1/backend/src/users/entities/user.entity.ts": {"path":"/Users/christian.miclea/PWM1/Projet-WEB-M1/backend/src/users/entities/user.entity.ts","statementMap":{"0":{"start":{"line":1,"column":0},"end":{"line":1,"column":74}},"1":{"start":{"line":3,"column":0},"end":{"line":3,"column":null}},"2":{"start":{"line":4,"column":2},"end":{"line":4,"column":null}},"3":{"start":{"line":5,"column":2},"end":{"line":5,"column":null}},"4":{"start":{"line":9,"column":0},"end":{"line":11,"column":3}},"5":{"start":{"line":14,"column":7},"end":{"line":38,"column":null}},"6":{"start":{"line":14,"column":13},"end":{"line":14,"column":17}},"7":{"start":{"line":16,"column":2},"end":{"line":16,"column":null}},"8":{"start":{"line":15,"column":15},"end":{"line":15,"column":17}},"9":{"start":{"line":19,"column":2},"end":{"line":19,"column":null}},"10":{"start":{"line":25,"column":2},"end":{"line":25,"column":null}},"11":{"start":{"line":28,"column":2},"end":{"line":28,"column":null}},"12":{"start":{"line":31,"column":2},"end":{"line":31,"column":null}},"13":{"start":{"line":30,"column":15},"end":{"line":30,"column":23}},"14":{"start":{"line":34,"column":2},"end":{"line":34,"column":null}},"15":{"start":{"line":37,"column":2},"end":{"line":37,"column":null}},"16":{"start":{"line":14,"column":13},"end":{"line":38,"column":null}}},"fnMap":{"0":{"name":"(anonymous_2)","decl":{"start":{"line":3,"column":0},"end":{"line":3,"column":12}},"loc":{"start":{"line":3,"column":20},"end":{"line":6,"column":1}}},"1":{"name":"(anonymous_3)","decl":{"start":{"line":15,"column":9},"end":{"line":15,"column":12}},"loc":{"start":{"line":15,"column":15},"end":{"line":15,"column":17}}},"2":{"name":"(anonymous_4)","decl":{"start":{"line":30,"column":9},"end":{"line":30,"column":12}},"loc":{"start":{"line":30,"column":15},"end":{"line":30,"column":23}}}},"branchMap":{"0":{"loc":{"start":{"line":3,"column":12},"end":{"line":3,"column":null}},"type":"binary-expr","locations":[{"start":{"line":3,"column":12},"end":{"line":3,"column":20}},{"start":{"line":3,"column":20},"end":{"line":3,"column":null}}]}},"s":{"0":0,"1":0,"2":0,"3":0,"4":0,"5":0,"6":0,"7":0,"8":0,"9":0,"10":0,"11":0,"12":0,"13":0,"14":0,"15":0,"16":0},"f":{"0":0,"1":0,"2":0},"b":{"0":[0,0]}}
}
