TN:
SF:src/app.module.ts
FN:21,(anonymous_1)
FNF:1
FNH:0
FNDA:0,(anonymous_1)
DA:1,0
DA:2,0
DA:3,0
DA:4,0
DA:5,0
DA:6,0
DA:7,0
DA:8,0
DA:9,0
DA:10,0
DA:11,0
DA:21,0
DA:35,0
LF:13
LH:0
BRDA:25,0,0,0
BRDA:25,0,1,0
BRDA:26,1,0,0
BRDA:26,1,1,0
BRF:4
BRH:0
end_of_record
TN:
SF:src/main.ts
FN:5,bootstrap
FNF:1
FNH:0
FNDA:0,bootstrap
DA:1,0
DA:2,0
DA:3,0
DA:6,0
DA:9,0
DA:19,0
DA:25,0
DA:26,0
DA:28,0
DA:29,0
DA:32,0
LF:11
LH:0
BRDA:11,0,0,0
BRDA:11,0,1,0
BRDA:25,1,0,0
BRDA:25,1,1,0
BRF:4
BRH:0
end_of_record
TN:
SF:src/auth/auth.module.ts
FN:16,(anonymous_1)
FNF:1
FNH:0
FNDA:0,(anonymous_1)
DA:1,0
DA:2,0
DA:3,0
DA:4,0
DA:5,0
DA:6,0
DA:7,0
DA:8,0
DA:16,0
DA:29,0
LF:10
LH:0
BRDA:17,0,0,0
BRDA:17,0,1,0
BRDA:19,1,0,0
BRDA:19,1,1,0
BRF:4
BRH:0
end_of_record
TN:
SF:src/auth/auth.resolver.ts
FN:14,(anonymous_4)
FN:17,(anonymous_5)
FN:22,(anonymous_6)
FN:28,(anonymous_7)
FN:16,(anonymous_8)
FN:21,(anonymous_9)
FN:26,(anonymous_10)
FNF:7
FNH:0
FNDA:0,(anonymous_4)
FNDA:0,(anonymous_5)
FNDA:0,(anonymous_6)
FNDA:0,(anonymous_7)
FNDA:0,(anonymous_8)
FNDA:0,(anonymous_9)
FNDA:0,(anonymous_10)
DA:1,0
DA:2,0
DA:3,0
DA:4,0
DA:5,0
DA:6,0
DA:7,0
DA:8,0
DA:9,0
DA:13,0
DA:14,0
DA:16,0
DA:17,0
DA:18,0
DA:21,0
DA:22,0
DA:23,0
DA:26,0
DA:28,0
DA:29,0
LF:20
LH:0
BRF:0
BRH:0
end_of_record
TN:
SF:src/auth/auth.service.ts
FN:20,(anonymous_2)
FN:25,(anonymous_3)
FN:38,(anonymous_4)
FN:48,(anonymous_5)
FN:67,(anonymous_6)
FNF:5
FNH:5
FNDA:8,(anonymous_2)
FNDA:3,(anonymous_3)
FNDA:5,(anonymous_4)
FNDA:2,(anonymous_5)
FNDA:2,(anonymous_6)
DA:1,1
DA:2,1
DA:3,1
DA:19,1
DA:21,8
DA:22,8
DA:26,3
DA:39,5
DA:41,5
DA:42,2
DA:45,3
DA:49,2
DA:51,2
DA:52,1
DA:55,1
DA:61,1
DA:73,2
DA:75,2
DA:76,1
DA:79,1
DA:80,1
DA:82,1
DA:88,1
LF:23
LH:23
BRDA:41,0,0,2
BRDA:41,1,0,5
BRDA:41,1,1,3
BRDA:51,2,0,1
BRDA:75,3,0,1
BRF:5
BRH:5
end_of_record
TN:
SF:src/auth/decorators/current-user.decorator.ts
FN:5,(anonymous_0)
FNF:1
FNH:0
FNDA:0,(anonymous_0)
DA:1,0
DA:2,0
DA:4,0
DA:6,0
DA:7,0
LF:5
LH:0
BRF:0
BRH:0
end_of_record
TN:
SF:src/auth/dto/auth-response.type.ts
FN:9,(anonymous_2)
FNF:1
FNH:0
FNDA:0,(anonymous_2)
DA:1,0
DA:2,0
DA:5,0
DA:7,0
DA:9,0
DA:10,0
LF:6
LH:0
BRF:0
BRH:0
end_of_record
TN:
SF:src/auth/dto/login.input.ts
FNF:0
FNH:0
DA:1,0
DA:2,0
DA:5,0
DA:9,0
DA:14,0
LF:5
LH:0
BRF:0
BRH:0
end_of_record
TN:
SF:src/auth/dto/register.input.ts
FNF:0
FNH:0
DA:1,0
DA:2,0
DA:5,0
DA:9,0
DA:15,0
DA:20,0
DA:25,0
LF:7
LH:0
BRF:0
BRH:0
end_of_record
TN:
SF:src/auth/guards/jwt-auth.guard.ts
FN:7,(anonymous_1)
FNF:1
FNH:0
FNDA:0,(anonymous_1)
DA:1,0
DA:2,0
DA:3,0
DA:6,0
DA:8,0
DA:9,0
LF:6
LH:0
BRF:0
BRH:0
end_of_record
TN:
SF:src/auth/strategies/jwt.strategy.ts
FN:10,(anonymous_2)
FN:21,(anonymous_3)
FNF:2
FNH:0
FNDA:0,(anonymous_2)
FNDA:0,(anonymous_3)
DA:1,0
DA:2,0
DA:3,0
DA:4,0
DA:5,0
DA:9,0
DA:11,0
DA:12,0
DA:14,0
DA:22,0
DA:24,0
DA:25,0
DA:28,0
LF:13
LH:0
BRDA:17,0,0,0
BRDA:17,0,1,0
BRDA:24,1,0,0
BRF:3
BRH:0
end_of_record
TN:
SF:src/config/config.module.ts
FNF:0
FNH:0
DA:1,0
DA:2,0
DA:12,0
LF:3
LH:0
BRF:0
BRH:0
end_of_record
TN:
SF:src/documents/document.processor.ts
FN:14,(anonymous_2)
FN:18,(anonymous_3)
FN:30,(anonymous_4)
FN:36,(anonymous_5)
FN:44,(anonymous_6)
FN:50,(anonymous_7)
FN:58,(anonymous_8)
FNF:7
FNH:7
FNDA:8,(anonymous_2)
FNDA:4,(anonymous_3)
FNDA:3,(anonymous_4)
FNDA:2,(anonymous_5)
FNDA:2,(anonymous_6)
FNDA:1,(anonymous_7)
FNDA:1,(anonymous_8)
DA:1,1
DA:2,1
DA:14,1
DA:15,8
DA:18,1
DA:19,4
DA:21,4
DA:30,3
DA:32,3
DA:36,1
DA:37,2
DA:39,2
DA:44,2
DA:46,2
DA:50,1
DA:51,1
DA:53,1
DA:58,1
DA:60,1
LF:19
LH:19
BRF:0
BRH:0
end_of_record
TN:
SF:src/documents/documents.controller.ts
FN:25,(anonymous_4)
FN:53,(anonymous_5)
FN:92,(anonymous_6)
FN:98,(anonymous_7)
FN:32,(anonymous_8)
FN:37,(anonymous_9)
FNF:6
FNH:0
FNDA:0,(anonymous_4)
FNDA:0,(anonymous_5)
FNDA:0,(anonymous_6)
FNDA:0,(anonymous_7)
FNDA:0,(anonymous_8)
FNDA:0,(anonymous_9)
DA:1,0
DA:13,0
DA:14,0
DA:15,0
DA:17,0
DA:18,0
DA:20,0
DA:21,0
DA:24,0
DA:25,0
DA:33,0
DA:34,0
DA:35,0
DA:38,0
DA:39,0
DA:40,0
DA:41,0
DA:53,0
DA:59,0
DA:60,0
DA:62,0
DA:63,0
DA:66,0
DA:75,0
DA:86,0
DA:87,0
DA:92,0
DA:93,0
DA:98,0
DA:103,0
DA:105,0
DA:106,0
DA:110,0
DA:112,0
DA:113,0
DA:116,0
DA:117,0
DA:119,0
LF:38
LH:0
BRDA:62,0,0,0
BRDA:67,1,0,0
BRDA:67,1,1,0
BRDA:68,2,0,0
BRDA:68,2,1,0
BRDA:105,3,0,0
BRDA:105,4,0,0
BRDA:105,4,1,0
BRDA:112,5,0,0
BRDA:117,6,0,0
BRDA:117,6,1,0
BRF:11
BRH:0
end_of_record
TN:
SF:src/documents/documents.module.ts
FNF:0
FNH:0
DA:1,0
DA:2,0
DA:3,0
DA:4,0
DA:5,0
DA:6,0
DA:7,0
DA:22,0
LF:8
LH:0
BRF:0
BRH:0
end_of_record
TN:
SF:src/documents/documents.resolver.ts
FN:13,(anonymous_4)
FN:17,(anonymous_5)
FN:26,(anonymous_6)
FN:33,(anonymous_7)
FN:39,(anonymous_8)
FN:48,(anonymous_9)
FN:57,(anonymous_10)
FN:15,(anonymous_11)
FN:24,(anonymous_12)
FN:31,(anonymous_13)
FN:37,(anonymous_14)
FN:40,(anonymous_15)
FN:46,(anonymous_16)
FN:55,(anonymous_17)
FN:58,(anonymous_18)
FN:11,(anonymous_19)
FNF:16
FNH:0
FNDA:0,(anonymous_4)
FNDA:0,(anonymous_5)
FNDA:0,(anonymous_6)
FNDA:0,(anonymous_7)
FNDA:0,(anonymous_8)
FNDA:0,(anonymous_9)
FNDA:0,(anonymous_10)
FNDA:0,(anonymous_11)
FNDA:0,(anonymous_12)
FNDA:0,(anonymous_13)
FNDA:0,(anonymous_14)
FNDA:0,(anonymous_15)
FNDA:0,(anonymous_16)
FNDA:0,(anonymous_17)
FNDA:0,(anonymous_18)
FNDA:0,(anonymous_19)
DA:1,0
DA:2,0
DA:3,0
DA:4,0
DA:5,0
DA:6,0
DA:7,0
DA:9,0
DA:11,0
DA:12,0
DA:13,0
DA:15,0
DA:17,0
DA:21,0
DA:24,0
DA:26,0
DA:28,0
DA:31,0
DA:33,0
DA:34,0
DA:37,0
DA:39,0
DA:40,0
DA:43,0
DA:46,0
DA:48,0
DA:52,0
DA:55,0
DA:57,0
DA:58,0
DA:61,0
LF:31
LH:0
BRF:0
BRH:0
end_of_record
TN:
SF:src/documents/documents.service.ts
FN:11,(anonymous_4)
FN:17,(anonymous_5)
FN:38,(anonymous_6)
FN:44,(anonymous_7)
FN:51,(anonymous_8)
FN:71,(anonymous_9)
FN:95,(anonymous_10)
FNF:7
FNH:7
FNDA:10,(anonymous_4)
FNDA:1,(anonymous_5)
FNDA:1,(anonymous_6)
FNDA:1,(anonymous_7)
FNDA:6,(anonymous_8)
FNDA:2,(anonymous_9)
FNDA:2,(anonymous_10)
DA:1,1
DA:2,1
DA:4,1
DA:10,1
DA:12,10
DA:14,10
DA:18,1
DA:23,1
DA:28,1
DA:35,1
DA:39,1
DA:45,1
DA:52,6
DA:53,6
DA:54,4
DA:57,6
DA:59,6
DA:60,3
DA:64,3
DA:65,0
DA:68,3
DA:73,2
DA:75,1
DA:84,1
DA:92,1
DA:97,2
DA:99,1
DA:107,1
DA:114,1
LF:29
LH:28
BRDA:20,0,0,1
BRDA:20,0,1,1
BRDA:53,1,0,4
BRDA:59,2,0,3
BRDA:64,3,0,0
BRDA:64,4,0,3
BRDA:64,4,1,2
BRF:7
BRH:6
end_of_record
TN:
SF:src/documents/queue-integration.test.ts
FN:10,(anonymous_0)
FN:16,(anonymous_1)
FN:49,(anonymous_2)
FN:56,(anonymous_3)
FN:61,(anonymous_4)
FN:62,(anonymous_5)
FN:77,(anonymous_6)
FN:95,(anonymous_7)
FN:97,(anonymous_8)
FN:107,(anonymous_9)
FN:111,(anonymous_10)
FN:118,(anonymous_11)
FN:131,(anonymous_12)
FN:132,(anonymous_13)
FN:150,(anonymous_14)
FN:169,(anonymous_15)
FN:170,(anonymous_16)
FN:184,(anonymous_17)
FN:199,(anonymous_18)
FN:200,(anonymous_19)
FN:213,(anonymous_20)
FN:222,(anonymous_21)
FN:235,(anonymous_22)
FN:246,(anonymous_23)
FN:247,(anonymous_24)
FN:251,(anonymous_25)
FN:267,(anonymous_26)
FNF:27
FNH:0
FNDA:0,(anonymous_0)
FNDA:0,(anonymous_1)
FNDA:0,(anonymous_2)
FNDA:0,(anonymous_3)
FNDA:0,(anonymous_4)
FNDA:0,(anonymous_5)
FNDA:0,(anonymous_6)
FNDA:0,(anonymous_7)
FNDA:0,(anonymous_8)
FNDA:0,(anonymous_9)
FNDA:0,(anonymous_10)
FNDA:0,(anonymous_11)
FNDA:0,(anonymous_12)
FNDA:0,(anonymous_13)
FNDA:0,(anonymous_14)
FNDA:0,(anonymous_15)
FNDA:0,(anonymous_16)
FNDA:0,(anonymous_17)
FNDA:0,(anonymous_18)
FNDA:0,(anonymous_19)
FNDA:0,(anonymous_20)
FNDA:0,(anonymous_21)
FNDA:0,(anonymous_22)
FNDA:0,(anonymous_23)
FNDA:0,(anonymous_24)
FNDA:0,(anonymous_25)
FNDA:0,(anonymous_26)
DA:1,0
DA:2,0
DA:3,0
DA:5,0
DA:6,0
DA:7,0
DA:10,0
DA:16,0
DA:17,0
DA:42,0
DA:43,0
DA:44,0
DA:46,0
DA:49,0
DA:51,0
DA:52,0
DA:53,0
DA:56,0
DA:58,0
DA:61,0
DA:62,0
DA:64,0
DA:71,0
DA:74,0
DA:77,0
DA:80,0
DA:81,0
DA:84,0
DA:95,0
DA:97,0
DA:103,0
DA:106,0
DA:107,0
DA:111,0
DA:114,0
DA:115,0
DA:118,0
DA:119,0
DA:131,0
DA:132,0
DA:134,0
DA:140,0
DA:143,0
DA:150,0
DA:153,0
DA:154,0
DA:169,0
DA:170,0
DA:172,0
DA:178,0
DA:181,0
DA:184,0
DA:187,0
DA:199,0
DA:200,0
DA:202,0
DA:203,0
DA:206,0
DA:213,0
DA:216,0
DA:217,0
DA:219,0
DA:222,0
DA:224,0
DA:228,0
DA:235,0
DA:238,0
DA:239,0
DA:242,0
DA:246,0
DA:247,0
DA:249,0
DA:250,0
DA:252,0
DA:253,0
DA:254,0
DA:256,0
DA:260,0
DA:267,0
DA:270,0
DA:271,0
LF:81
LH:0
BRDA:253,0,0,0
BRF:1
BRH:0
end_of_record
TN:
SF:src/documents/dto/create-document.input.ts
FNF:0
FNH:0
DA:1,0
DA:2,0
DA:5,0
DA:9,0
DA:14,0
DA:19,0
DA:24,0
DA:29,0
DA:34,0
DA:39,0
LF:10
LH:0
BRF:0
BRH:0
end_of_record
TN:
SF:src/documents/dto/update-document.input.ts
FN:6,(anonymous_2)
FNF:1
FNH:0
FNDA:0,(anonymous_2)
DA:1,0
DA:2,0
DA:5,0
DA:6,0
DA:8,0
DA:13,0
DA:18,0
LF:7
LH:0
BRF:0
BRH:0
end_of_record
TN:
SF:src/documents/entities/document.entity.ts
FN:6,(anonymous_2)
FN:27,(anonymous_3)
FN:30,(anonymous_4)
FNF:3
FNH:0
FNDA:0,(anonymous_2)
FNDA:0,(anonymous_3)
FNDA:0,(anonymous_4)
DA:1,0
DA:2,0
DA:5,0
DA:6,0
DA:7,0
DA:10,0
DA:13,0
DA:16,0
DA:19,0
DA:22,0
DA:25,0
DA:27,0
DA:28,0
DA:30,0
DA:31,0
DA:34,0
DA:37,0
LF:17
LH:0
BRF:0
BRH:0
end_of_record
TN:
SF:src/health/health.controller.ts
FN:6,(anonymous_2)
FNF:1
FNH:0
FNDA:0,(anonymous_2)
DA:1,0
DA:4,0
DA:6,0
DA:7,0
LF:4
LH:0
BRF:0
BRH:0
end_of_record
TN:
SF:src/health/health.module.ts
FNF:0
FNH:0
DA:1,0
DA:2,0
DA:7,0
LF:3
LH:0
BRF:0
BRH:0
end_of_record
TN:
SF:src/prisma/prisma.module.ts
FNF:0
FNH:0
DA:1,0
DA:2,0
DA:9,0
LF:3
LH:0
BRF:0
BRH:0
end_of_record
TN:
SF:src/prisma/prisma.service.ts
FN:6,(anonymous_1)
FN:10,(anonymous_2)
FN:11,(anonymous_3)
FNF:3
FNH:0
FNDA:0,(anonymous_1)
FNDA:0,(anonymous_2)
FNDA:0,(anonymous_3)
DA:1,3
DA:2,3
DA:5,3
DA:7,0
DA:11,0
DA:12,0
DA:13,0
LF:7
LH:3
BRF:0
BRH:0
end_of_record
TN:
SF:src/users/users.module.ts
FNF:0
FNH:0
DA:1,0
DA:2,0
DA:8,0
LF:3
LH:0
BRF:0
BRH:0
end_of_record
TN:
SF:src/users/users.service.ts
FN:8,(anonymous_2)
FN:10,(anonymous_3)
FN:14,(anonymous_4)
FN:18,(anonymous_5)
FN:34,(anonymous_6)
FNF:5
FNH:5
FNDA:8,(anonymous_2)
FNDA:2,(anonymous_3)
FNDA:2,(anonymous_4)
FNDA:1,(anonymous_5)
FNDA:2,(anonymous_6)
DA:1,2
DA:2,2
DA:4,2
DA:7,2
DA:8,8
DA:11,2
DA:15,2
DA:24,1
DA:26,1
DA:35,2
LF:10
LH:10
BRF:0
BRH:0
end_of_record
TN:
SF:src/users/entities/user.entity.ts
FN:3,(anonymous_2)
FN:15,(anonymous_3)
FN:30,(anonymous_4)
FNF:3
FNH:0
FNDA:0,(anonymous_2)
FNDA:0,(anonymous_3)
FNDA:0,(anonymous_4)
DA:1,0
DA:3,0
DA:4,0
DA:5,0
DA:9,0
DA:14,0
DA:15,0
DA:16,0
DA:19,0
DA:25,0
DA:28,0
DA:30,0
DA:31,0
DA:34,0
DA:37,0
LF:15
LH:0
BRDA:3,0,0,0
BRDA:3,0,1,0
BRF:2
BRH:0
end_of_record
